2025-11-18 23:35:42,598	PANIC scripts.py:896 -- `--include-dashboard` should only be specified when starting head node with `--head`.
Error: `{}` should only be specified when starting head node with `{}`.
srun: error: bg3u24g1: task 0: Exited with exit code 1
2025-11-18 23:35:50 [INFO] Starting MAX 3 CUT experiment
2025-11-18 23:35:50,125	INFO worker.py:1489 -- Connecting to existing Ray cluster at address: 192.168.154.3:5050...
2025-11-18 23:38:10,201	INFO worker.py:1638 -- Failed to connect to the default Ray cluster address at 192.168.154.3:5050. This is most likely due to a previous Ray instance that has since crashed. To reset the default address to connect to, run `ray stop` or restart Ray with `ray start`.
Traceback (most recent call last):
  File "/home/bs82/max-k-cut-parallel/ray311/lib/python3.11/site-packages/ray/_private/worker.py", line 1629, in init
    _global_node = ray._private.node.Node(
                   ^^^^^^^^^^^^^^^^^^^^^^^
  File "/home/bs82/max-k-cut-parallel/ray311/lib/python3.11/site-packages/ray/_private/node.py", line 154, in __init__
    self._init_gcs_client()
  File "/home/bs82/max-k-cut-parallel/ray311/lib/python3.11/site-packages/ray/_private/node.py", line 729, in _init_gcs_client
    raise RuntimeError(
RuntimeError: Failed to connect to GCS.

During handling of the above exception, another exception occurred:

Traceback (most recent call last):
  File "/home/bs82/max-k-cut-parallel/src/parallel_rank1.py", line 183, in <module>
    main()
  File "/home/bs82/max-k-cut-parallel/src/parallel_rank1.py", line 137, in main
    ray.init(ignore_reinit_error=True)
  File "/home/bs82/max-k-cut-parallel/ray311/lib/python3.11/site-packages/ray/_private/client_mode_hook.py", line 103, in wrapper
    return func(*args, **kwargs)
           ^^^^^^^^^^^^^^^^^^^^^
  File "/home/bs82/max-k-cut-parallel/ray311/lib/python3.11/site-packages/ray/_private/worker.py", line 1645, in init
    raise ConnectionError
ConnectionError
srun: error: bg3u16g1: task 0: Exited with exit code 1
