2025-11-20 17:06:45 [INFO] Starting MAX 3 CUT experiment
2025-11-20 17:06:46,048	INFO worker.py:1489 -- Connecting to existing Ray cluster at address: 192.168.154.11:5050...
2025-11-20 17:06:46,058	INFO worker.py:1664 -- Connected to Ray cluster. View the dashboard at [1m[32mhttp://127.0.0.1:8265 [39m[22m
2025-11-20 17:06:48 [INFO] Ray initialized
2025-11-20 17:08:15 [INFO] Random graph Laplacian generated
2025-11-20 17:08:44 [INFO] Eigen decomposition complete and top eigenvector extracted
2025-11-20 17:08:44 [INFO] Executing parallel rank 1 algorithm
2025-11-20 17:08:44 [INFO] Rank 1 subroutine: received eigenvector of length 10000
2025-11-20 17:08:44 [INFO] Initial assignment k0 computed
2025-11-20 17:08:44 [INFO] Batch size set to number of available workers: 188
2025-11-20 17:08:49 [INFO] Completed batch 0 to 187
2025-11-20 17:08:54 [INFO] Completed batch 188 to 375
2025-11-20 17:08:58 [INFO] Completed batch 376 to 563
2025-11-20 17:09:02 [INFO] Completed batch 564 to 751
2025-11-20 17:09:06 [INFO] Completed batch 752 to 939
2025-11-20 17:09:10 [INFO] Completed batch 940 to 1127
2025-11-20 17:09:14 [INFO] Completed batch 1128 to 1315
2025-11-20 17:09:19 [INFO] Completed batch 1316 to 1503
2025-11-20 17:09:23 [INFO] Completed batch 1504 to 1691
2025-11-20 17:09:27 [INFO] Completed batch 1692 to 1879
2025-11-20 17:09:31 [INFO] Completed batch 1880 to 2067
2025-11-20 17:09:35 [INFO] Completed batch 2068 to 2255
2025-11-20 17:09:39 [INFO] Completed batch 2256 to 2443
2025-11-20 17:09:43 [INFO] Completed batch 2444 to 2631
2025-11-20 17:09:47 [INFO] Completed batch 2632 to 2819
2025-11-20 17:09:51 [INFO] Completed batch 2820 to 3007
2025-11-20 17:09:55 [INFO] Completed batch 3008 to 3195
2025-11-20 17:09:58 [INFO] Completed batch 3196 to 3383
2025-11-20 17:10:03 [INFO] Completed batch 3384 to 3571
2025-11-20 17:10:06 [INFO] Completed batch 3572 to 3759
2025-11-20 17:10:10 [INFO] Completed batch 3760 to 3947
2025-11-20 17:10:14 [INFO] Completed batch 3948 to 4135
2025-11-20 17:10:19 [INFO] Completed batch 4136 to 4323
2025-11-20 17:10:22 [INFO] Completed batch 4324 to 4511
2025-11-20 17:10:26 [INFO] Completed batch 4512 to 4699
2025-11-20 17:10:30 [INFO] Completed batch 4700 to 4887
2025-11-20 17:10:34 [INFO] Completed batch 4888 to 5075
2025-11-20 17:10:38 [INFO] Completed batch 5076 to 5263
2025-11-20 17:10:42 [INFO] Completed batch 5264 to 5451
2025-11-20 17:10:46 [INFO] Completed batch 5452 to 5639
2025-11-20 17:10:50 [INFO] Completed batch 5640 to 5827
2025-11-20 17:10:54 [INFO] Completed batch 5828 to 6015
2025-11-20 17:10:58 [INFO] Completed batch 6016 to 6203
2025-11-20 17:11:02 [INFO] Completed batch 6204 to 6391
2025-11-20 17:11:06 [INFO] Completed batch 6392 to 6579
2025-11-20 17:11:10 [INFO] Completed batch 6580 to 6767
2025-11-20 17:11:14 [INFO] Completed batch 6768 to 6955
2025-11-20 17:11:18 [INFO] Completed batch 6956 to 7143
2025-11-20 17:11:22 [INFO] Completed batch 7144 to 7331
2025-11-20 17:11:26 [INFO] Completed batch 7332 to 7519
2025-11-20 17:11:30 [INFO] Completed batch 7520 to 7707
2025-11-20 17:11:34 [INFO] Completed batch 7708 to 7895
2025-11-20 17:11:38 [INFO] Completed batch 7896 to 8083
2025-11-20 17:11:42 [INFO] Completed batch 8084 to 8271
2025-11-20 17:11:46 [INFO] Completed batch 8272 to 8459
2025-11-20 17:11:50 [INFO] Completed batch 8460 to 8647
2025-11-20 17:11:54 [INFO] Completed batch 8648 to 8835
2025-11-20 17:11:58 [INFO] Completed batch 8836 to 9023
2025-11-20 17:12:02 [INFO] Completed batch 9024 to 9211
2025-11-20 17:12:05 [INFO] Completed batch 9212 to 9399
2025-11-20 17:12:09 [INFO] Completed batch 9400 to 9587
2025-11-20 17:12:13 [INFO] Completed batch 9588 to 9775
2025-11-20 17:12:18 [INFO] Completed batch 9776 to 9963
2025-11-20 17:12:18 [INFO] Completed batch 9964 to 10000
2025-11-20 17:12:18 [INFO] Best prefix l = 2571
2025-11-20 17:12:18 [INFO] Rank 1 result: score = 47536623.0
2025-11-20 17:12:18 [INFO] Execution time: 214.4009 seconds
2025-11-20 17:12:18 [INFO] Final partition assignment k:
[1 0 1 ... 0 1 0]
2025-11-20 17:12:18 [INFO] Computed complex spin vector z:
[-0.5+0.8660254j  1. +0.j        -0.5+0.8660254j ...  1. +0.j
 -0.5+0.8660254j  1. +0.j       ]
2025-11-20 17:12:18 [INFO] Saved results to results/20251120_171218_result_n10000.json
