2025-11-18 23:29:16 [INFO] Starting MAX 3 CUT experiment
2025-11-18 23:29:16,844	INFO worker.py:1489 -- Connecting to existing Ray cluster at address: 192.168.154.4:5050...
2025-11-18 23:29:16,857	INFO worker.py:1673 -- Connected to Ray cluster.
2025-11-18 23:29:19 [INFO] Ray initialized
2025-11-18 23:30:47 [INFO] Random graph Laplacian generated
2025-11-18 23:31:13 [INFO] Eigen decomposition complete and top eigenvector extracted
2025-11-18 23:31:13 [INFO] Executing parallel rank 1 algorithm
2025-11-18 23:31:13 [INFO] Rank 1 subroutine: received eigenvector of length 10000
2025-11-18 23:31:13 [INFO] Initial assignment k0 computed
2025-11-18 23:31:13 [INFO] Batch size set to number of available workers: 180
2025-11-18 23:31:19 [INFO] Completed batch 0 to 179
2025-11-18 23:31:23 [INFO] Completed batch 180 to 359
2025-11-18 23:31:28 [INFO] Completed batch 360 to 539
2025-11-18 23:31:32 [INFO] Completed batch 540 to 719
2025-11-18 23:31:37 [INFO] Completed batch 720 to 899
2025-11-18 23:31:41 [INFO] Completed batch 900 to 1079
2025-11-18 23:31:45 [INFO] Completed batch 1080 to 1259
2025-11-18 23:31:49 [INFO] Completed batch 1260 to 1439
2025-11-18 23:31:54 [INFO] Completed batch 1440 to 1619
2025-11-18 23:31:58 [INFO] Completed batch 1620 to 1799
2025-11-18 23:32:02 [INFO] Completed batch 1800 to 1979
2025-11-18 23:32:06 [INFO] Completed batch 1980 to 2159
2025-11-18 23:32:10 [INFO] Completed batch 2160 to 2339
2025-11-18 23:32:15 [INFO] Completed batch 2340 to 2519
2025-11-18 23:32:19 [INFO] Completed batch 2520 to 2699
2025-11-18 23:32:23 [INFO] Completed batch 2700 to 2879
2025-11-18 23:32:27 [INFO] Completed batch 2880 to 3059
2025-11-18 23:32:31 [INFO] Completed batch 3060 to 3239
2025-11-18 23:32:35 [INFO] Completed batch 3240 to 3419
2025-11-18 23:32:40 [INFO] Completed batch 3420 to 3599
2025-11-18 23:32:44 [INFO] Completed batch 3600 to 3779
2025-11-18 23:32:48 [INFO] Completed batch 3780 to 3959
2025-11-18 23:32:52 [INFO] Completed batch 3960 to 4139
2025-11-18 23:32:56 [INFO] Completed batch 4140 to 4319
2025-11-18 23:33:00 [INFO] Completed batch 4320 to 4499
2025-11-18 23:33:04 [INFO] Completed batch 4500 to 4679
2025-11-18 23:33:09 [INFO] Completed batch 4680 to 4859
2025-11-18 23:33:13 [INFO] Completed batch 4860 to 5039
2025-11-18 23:33:17 [INFO] Completed batch 5040 to 5219
2025-11-18 23:33:21 [INFO] Completed batch 5220 to 5399
2025-11-18 23:33:25 [INFO] Completed batch 5400 to 5579
2025-11-18 23:33:29 [INFO] Completed batch 5580 to 5759
2025-11-18 23:33:33 [INFO] Completed batch 5760 to 5939
2025-11-18 23:33:37 [INFO] Completed batch 5940 to 6119
2025-11-18 23:33:41 [INFO] Completed batch 6120 to 6299
2025-11-18 23:33:45 [INFO] Completed batch 6300 to 6479
2025-11-18 23:33:48 [INFO] Completed batch 6480 to 6659
2025-11-18 23:33:52 [INFO] Completed batch 6660 to 6839
2025-11-18 23:33:56 [INFO] Completed batch 6840 to 7019
2025-11-18 23:33:59 [INFO] Completed batch 7020 to 7199
2025-11-18 23:34:03 [INFO] Completed batch 7200 to 7379
2025-11-18 23:34:07 [INFO] Completed batch 7380 to 7559
2025-11-18 23:34:10 [INFO] Completed batch 7560 to 7739
2025-11-18 23:34:13 [INFO] Completed batch 7740 to 7919
2025-11-18 23:34:17 [INFO] Completed batch 7920 to 8099
2025-11-18 23:34:20 [INFO] Completed batch 8100 to 8279
2025-11-18 23:34:23 [INFO] Completed batch 8280 to 8459
2025-11-18 23:34:26 [INFO] Completed batch 8460 to 8639
2025-11-18 23:34:29 [INFO] Completed batch 8640 to 8819
2025-11-18 23:34:33 [INFO] Completed batch 8820 to 8999
2025-11-18 23:34:36 [INFO] Completed batch 9000 to 9179
2025-11-18 23:34:39 [INFO] Completed batch 9180 to 9359
2025-11-18 23:34:42 [INFO] Completed batch 9360 to 9539
2025-11-18 23:34:46 [INFO] Completed batch 9540 to 9719
2025-11-18 23:34:49 [INFO] Completed batch 9720 to 9899
2025-11-18 23:34:51 [INFO] Completed batch 9900 to 10000
2025-11-18 23:34:51 [INFO] Best prefix l = 2571
2025-11-18 23:34:51 [INFO] Rank 1 result: score = 47536623.0
2025-11-18 23:34:51 [INFO] Execution time: 217.8318 seconds
2025-11-18 23:34:51 [INFO] Final partition assignment k:
[1 0 1 ... 0 1 0]
2025-11-18 23:34:51 [INFO] Computed complex spin vector z:
[-0.5+0.8660254j  1. +0.j        -0.5+0.8660254j ...  1. +0.j
 -0.5+0.8660254j  1. +0.j       ]
2025-11-18 23:34:51 [INFO] Saved results to results/20251118_233451_result_n10000.json
