2025-11-20 17:06:01 [INFO] Starting MAX 3 CUT experiment
2025-11-20 17:06:01,919	INFO worker.py:1489 -- Connecting to existing Ray cluster at address: 192.168.154.11:5050...
2025-11-20 17:06:01,929	INFO worker.py:1664 -- Connected to Ray cluster. View the dashboard at [1m[32mhttp://127.0.0.1:8265 [39m[22m
2025-11-20 17:06:04 [INFO] Ray initialized
2025-11-20 17:06:05 [INFO] Random graph Laplacian generated
2025-11-20 17:06:05 [INFO] Eigen decomposition complete and top eigenvector extracted
2025-11-20 17:06:05 [INFO] Executing parallel rank 1 algorithm
2025-11-20 17:06:05 [INFO] Rank 1 subroutine: received eigenvector of length 1000
2025-11-20 17:06:05 [INFO] Initial assignment k0 computed
2025-11-20 17:06:05 [INFO] Batch size set to number of available workers: 188
2025-11-20 17:06:05 [INFO] Completed batch 0 to 187
2025-11-20 17:06:05 [INFO] Completed batch 188 to 375
2025-11-20 17:06:05 [INFO] Completed batch 376 to 563
2025-11-20 17:06:05 [INFO] Completed batch 564 to 751
2025-11-20 17:06:05 [INFO] Completed batch 752 to 939
2025-11-20 17:06:05 [INFO] Completed batch 940 to 1000
2025-11-20 17:06:05 [INFO] Best prefix l = 244
2025-11-20 17:06:05 [INFO] Rank 1 result: score = 474255.0
2025-11-20 17:06:05 [INFO] Execution time: 0.6830 seconds
2025-11-20 17:06:05 [INFO] Final partition assignment k:
[1 2 0 2 2 0 2 0 0 2 0 0 2 2 0 2 0 0 2 0 0 0 0 2 0 2 2 0 2 0 0 0 0 1 0 0 1
 1 2 2 0 2 0 0 2 0 2 0 0 0 0 0 0 0 0 2 0 0 0 0 2 2 0 2 0 0 2 0 2 0 0 1 0 1
 1 1 0 1 0 0 1 1 0 0 1 1 0 1 0 0 1 0 1 1 1 0 0 0 0 0 0 1 2 2 2 2 0 0 2 2 2
 0 2 0 0 2 0 2 2 2 2 2 0 2 0 0 2 0 2 0 0 0 0 0 0 0 2 0 0 2 0 0 2 0 0 2 2 0
 0 2 0 2 0 2 0 2 2 2 2 2 2 2 2 0 0 0 0 0 0 0 0 0 2 0 0 2 0 2 0 2 2 0 0 2 0
 2 0 0 0 0 0 2 0 2 2 0 0 2 2 2 2 0 2 2 0 0 0 0 0 2 2 2 0 0 2 0 2 2 2 0 0 0
 2 2 0 2 2 0 0 0 2 0 0 2 0 2 2 0 2 2 0 2 2 2 2 2 0 2 0 0 0 2 2 2 0 1 0 1 0
 0 1 0 2 0 2 2 2 0 2 2 0 2 0 0 0 2 0 0 0 0 0 2 2 2 2 0 1 0 0 1 1 1 0 1 1 0
 1 0 0 1 1 0 1 0 1 1 1 1 1 1 0 0 1 1 1 0 0 1 1 0 0 1 0 1 0 1 0 0 1 1 0 0 1
 0 0 1 1 1 1 0 0 1 0 0 1 1 1 1 1 1 0 1 0 1 0 1 1 1 1 1 1 0 1 0 1 0 1 0 1 0
 0 1 0 0 0 1 1 1 0 1 1 1 1 1 0 0 0 0 1 0 0 1 1 1 0 0 1 0 1 0 1 0 1 0 1 1 1
 0 0 0 0 0 0 1 0 1 0 1 1 1 1 0 1 0 1 1 1 0 0 1 0 0 1 0 1 0 0 1 1 0 1 0 0 0
 0 0 1 0 1 0 1 1 1 0 0 0 1 1 1 1 0 0 0 0 0 0 0 1 1 1 1 1 1 1 1 2 0 2 0 2 2
 2 2 2 0 0 2 0 2 0 2 2 2 0 0 2 0 2 2 0 0 2 0 0 0 2 2 2 0 0 0 2 0 2 2 0 0 2
 0 1 1 1 0 1 1 0 0 1 1 0 0 0 0 1 1 1 0 1 0 1 1 0 0 1 1 1 0 1 0 1 0 0 1 1 0
 1 1 1 1 0 1 0 1 1 1 0 0 1 1 1 1 0 1 0 1 1 0 0 0 0 0 1 1 0 1 1 1 0 1 0 1 1
 1 1 0 0 1 0 1 0 0 1 0 0 0 0 1 1 1 1 1 1 1 0 1 1 0 1 0 1 0 0 1 0 0 0 1 0 0
 1 0 1 1 1 1 0 1 0 1 1 0 1 0 1 1 1 1 1 0 1 0 1 0 1 1 0 0 0 1 1 0 1 1 1 0 0
 0 1 1 0 0 0 1 0 0 1 1 0 0 1 1 1 1 1 0 2 2 0 0 2 2 1 1 0 1 0 0 0 1 0 0 0 2
 2 0 0 2 0 0 2 2 2 0 2 0 0 0 0 2 2 0 2 0 0 0 0 2 0 0 2 0 2 0 2 0 0 0 2 2 0
 0 0 0 0 2 2 2 2 0 0 0 0 2 0 2 0 2 2 0 0 2 0 2 2 0 2 2 2 0 0 0 2 2 2 0 2 2
 2 2 2 0 0 0 0 0 0 0 0 0 2 2 2 0 2 0 0 0 2 2 0 0 0 2 0 2 2 0 0 2 0 0 2 0 0
 2 2 0 0 2 2 0 2 2 2 0 2 2 2 2 0 0 0 0 2 2 0 0 2 2 2 2 0 0 2 0 2 2 0 2 0 2
 2 0 0 0 0 2 0 2 0 0 0 0 0 0 0 0 0 2 2 2 0 2 0 2 0 0 2 2 0 0 2 0 2 0 2 0 0
 0 2 0 2 0 2 0 0 0 0 2 2 0 0 1 0 1 0 0 0 0 1 0 1 0 1 0 1 0 1 0 1 1 1 0 1 0
 0 0 1 0 1 1 0 1 1 0 0 2 2 2 2 2 2 0 2 0 2 2 2 0 0 0 0 0 0 0 2 0 0 0 0 2 2
 0 2 2 1 0 1 0 1 0 0 1 1 1 0 1 0 1 1 0 1 1 1 0 0 0 1 0 1 1 0 0 0 1 1 1 0 2
 2]
2025-11-20 17:06:05 [INFO] Computed complex spin vector z:
[-0.5+0.8660254j -0.5-0.8660254j  1. +0.j        -0.5-0.8660254j
 -0.5-0.8660254j  1. +0.j        -0.5-0.8660254j  1. +0.j
  1. +0.j        -0.5-0.8660254j  1. +0.j         1. +0.j
 -0.5-0.8660254j -0.5-0.8660254j  1. +0.j        -0.5-0.8660254j
  1. +0.j         1. +0.j        -0.5-0.8660254j  1. +0.j
  1. +0.j         1. +0.j         1. +0.j        -0.5-0.8660254j
  1. +0.j        -0.5-0.8660254j -0.5-0.8660254j  1. +0.j
 -0.5-0.8660254j  1. +0.j         1. +0.j         1. +0.j
  1. +0.j        -0.5+0.8660254j  1. +0.j         1. +0.j
 -0.5+0.8660254j -0.5+0.8660254j -0.5-0.8660254j -0.5-0.8660254j
  1. +0.j        -0.5-0.8660254j  1. +0.j         1. +0.j
 -0.5-0.8660254j  1. +0.j        -0.5-0.8660254j  1. +0.j
  1. +0.j         1. +0.j         1. +0.j         1. +0.j
  1. +0.j         1. +0.j         1. +0.j        -0.5-0.8660254j
  1. +0.j         1. +0.j         1. +0.j         1. +0.j
 -0.5-0.8660254j -0.5-0.8660254j  1. +0.j        -0.5-0.8660254j
  1. +0.j         1. +0.j        -0.5-0.8660254j  1. +0.j
 -0.5-0.8660254j  1. +0.j         1. +0.j        -0.5+0.8660254j
  1. +0.j        -0.5+0.8660254j -0.5+0.8660254j -0.5+0.8660254j
  1. +0.j        -0.5+0.8660254j  1. +0.j         1. +0.j
 -0.5+0.8660254j -0.5+0.8660254j  1. +0.j         1. +0.j
 -0.5+0.8660254j -0.5+0.8660254j  1. +0.j        -0.5+0.8660254j
  1. +0.j         1. +0.j        -0.5+0.8660254j  1. +0.j
 -0.5+0.8660254j -0.5+0.8660254j -0.5+0.8660254j  1. +0.j
  1. +0.j         1. +0.j         1. +0.j         1. +0.j
  1. +0.j        -0.5+0.8660254j -0.5-0.8660254j -0.5-0.8660254j
 -0.5-0.8660254j -0.5-0.8660254j  1. +0.j         1. +0.j
 -0.5-0.8660254j -0.5-0.8660254j -0.5-0.8660254j  1. +0.j
 -0.5-0.8660254j  1. +0.j         1. +0.j        -0.5-0.8660254j
  1. +0.j        -0.5-0.8660254j -0.5-0.8660254j -0.5-0.8660254j
 -0.5-0.8660254j -0.5-0.8660254j  1. +0.j        -0.5-0.8660254j
  1. +0.j         1. +0.j        -0.5-0.8660254j  1. +0.j
 -0.5-0.8660254j  1. +0.j         1. +0.j         1. +0.j
  1. +0.j         1. +0.j         1. +0.j         1. +0.j
 -0.5-0.8660254j  1. +0.j         1. +0.j        -0.5-0.8660254j
  1. +0.j         1. +0.j        -0.5-0.8660254j  1. +0.j
  1. +0.j        -0.5-0.8660254j -0.5-0.8660254j  1. +0.j
  1. +0.j        -0.5-0.8660254j  1. +0.j        -0.5-0.8660254j
  1. +0.j        -0.5-0.8660254j  1. +0.j        -0.5-0.8660254j
 -0.5-0.8660254j -0.5-0.8660254j -0.5-0.8660254j -0.5-0.8660254j
 -0.5-0.8660254j -0.5-0.8660254j -0.5-0.8660254j  1. +0.j
  1. +0.j         1. +0.j         1. +0.j         1. +0.j
  1. +0.j         1. +0.j         1. +0.j         1. +0.j
 -0.5-0.8660254j  1. +0.j         1. +0.j        -0.5-0.8660254j
  1. +0.j        -0.5-0.8660254j  1. +0.j        -0.5-0.8660254j
 -0.5-0.8660254j  1. +0.j         1. +0.j        -0.5-0.8660254j
  1. +0.j        -0.5-0.8660254j  1. +0.j         1. +0.j
  1. +0.j         1. +0.j         1. +0.j        -0.5-0.8660254j
  1. +0.j        -0.5-0.8660254j -0.5-0.8660254j  1. +0.j
  1. +0.j        -0.5-0.8660254j -0.5-0.8660254j -0.5-0.8660254j
 -0.5-0.8660254j  1. +0.j        -0.5-0.8660254j -0.5-0.8660254j
  1. +0.j         1. +0.j         1. +0.j         1. +0.j
  1. +0.j        -0.5-0.8660254j -0.5-0.8660254j -0.5-0.8660254j
  1. +0.j         1. +0.j        -0.5-0.8660254j  1. +0.j
 -0.5-0.8660254j -0.5-0.8660254j -0.5-0.8660254j  1. +0.j
  1. +0.j         1. +0.j        -0.5-0.8660254j -0.5-0.8660254j
  1. +0.j        -0.5-0.8660254j -0.5-0.8660254j  1. +0.j
  1. +0.j         1. +0.j        -0.5-0.8660254j  1. +0.j
  1. +0.j        -0.5-0.8660254j  1. +0.j        -0.5-0.8660254j
 -0.5-0.8660254j  1. +0.j        -0.5-0.8660254j -0.5-0.8660254j
  1. +0.j        -0.5-0.8660254j -0.5-0.8660254j -0.5-0.8660254j
 -0.5-0.8660254j -0.5-0.8660254j  1. +0.j        -0.5-0.8660254j
  1. +0.j         1. +0.j         1. +0.j        -0.5-0.8660254j
 -0.5-0.8660254j -0.5-0.8660254j  1. +0.j        -0.5+0.8660254j
  1. +0.j        -0.5+0.8660254j  1. +0.j         1. +0.j
 -0.5+0.8660254j  1. +0.j        -0.5-0.8660254j  1. +0.j
 -0.5-0.8660254j -0.5-0.8660254j -0.5-0.8660254j  1. +0.j
 -0.5-0.8660254j -0.5-0.8660254j  1. +0.j        -0.5-0.8660254j
  1. +0.j         1. +0.j         1. +0.j        -0.5-0.8660254j
  1. +0.j         1. +0.j         1. +0.j         1. +0.j
  1. +0.j        -0.5-0.8660254j -0.5-0.8660254j -0.5-0.8660254j
 -0.5-0.8660254j  1. +0.j        -0.5+0.8660254j  1. +0.j
  1. +0.j        -0.5+0.8660254j -0.5+0.8660254j -0.5+0.8660254j
  1. +0.j        -0.5+0.8660254j -0.5+0.8660254j  1. +0.j
 -0.5+0.8660254j  1. +0.j         1. +0.j        -0.5+0.8660254j
 -0.5+0.8660254j  1. +0.j        -0.5+0.8660254j  1. +0.j
 -0.5+0.8660254j -0.5+0.8660254j -0.5+0.8660254j -0.5+0.8660254j
 -0.5+0.8660254j -0.5+0.8660254j  1. +0.j         1. +0.j
 -0.5+0.8660254j -0.5+0.8660254j -0.5+0.8660254j  1. +0.j
  1. +0.j        -0.5+0.8660254j -0.5+0.8660254j  1. +0.j
  1. +0.j        -0.5+0.8660254j  1. +0.j        -0.5+0.8660254j
  1. +0.j        -0.5+0.8660254j  1. +0.j         1. +0.j
 -0.5+0.8660254j -0.5+0.8660254j  1. +0.j         1. +0.j
 -0.5+0.8660254j  1. +0.j         1. +0.j        -0.5+0.8660254j
 -0.5+0.8660254j -0.5+0.8660254j -0.5+0.8660254j  1. +0.j
  1. +0.j        -0.5+0.8660254j  1. +0.j         1. +0.j
 -0.5+0.8660254j -0.5+0.8660254j -0.5+0.8660254j -0.5+0.8660254j
 -0.5+0.8660254j -0.5+0.8660254j  1. +0.j        -0.5+0.8660254j
  1. +0.j        -0.5+0.8660254j  1. +0.j        -0.5+0.8660254j
 -0.5+0.8660254j -0.5+0.8660254j -0.5+0.8660254j -0.5+0.8660254j
 -0.5+0.8660254j  1. +0.j        -0.5+0.8660254j  1. +0.j
 -0.5+0.8660254j  1. +0.j        -0.5+0.8660254j  1. +0.j
 -0.5+0.8660254j  1. +0.j         1. +0.j        -0.5+0.8660254j
  1. +0.j         1. +0.j         1. +0.j        -0.5+0.8660254j
 -0.5+0.8660254j -0.5+0.8660254j  1. +0.j        -0.5+0.8660254j
 -0.5+0.8660254j -0.5+0.8660254j -0.5+0.8660254j -0.5+0.8660254j
  1. +0.j         1. +0.j         1. +0.j         1. +0.j
 -0.5+0.8660254j  1. +0.j         1. +0.j        -0.5+0.8660254j
 -0.5+0.8660254j -0.5+0.8660254j  1. +0.j         1. +0.j
 -0.5+0.8660254j  1. +0.j        -0.5+0.8660254j  1. +0.j
 -0.5+0.8660254j  1. +0.j        -0.5+0.8660254j  1. +0.j
 -0.5+0.8660254j -0.5+0.8660254j -0.5+0.8660254j  1. +0.j
  1. +0.j         1. +0.j         1. +0.j         1. +0.j
  1. +0.j        -0.5+0.8660254j  1. +0.j        -0.5+0.8660254j
  1. +0.j        -0.5+0.8660254j -0.5+0.8660254j -0.5+0.8660254j
 -0.5+0.8660254j  1. +0.j        -0.5+0.8660254j  1. +0.j
 -0.5+0.8660254j -0.5+0.8660254j -0.5+0.8660254j  1. +0.j
  1. +0.j        -0.5+0.8660254j  1. +0.j         1. +0.j
 -0.5+0.8660254j  1. +0.j        -0.5+0.8660254j  1. +0.j
  1. +0.j        -0.5+0.8660254j -0.5+0.8660254j  1. +0.j
 -0.5+0.8660254j  1. +0.j         1. +0.j         1. +0.j
  1. +0.j         1. +0.j        -0.5+0.8660254j  1. +0.j
 -0.5+0.8660254j  1. +0.j        -0.5+0.8660254j -0.5+0.8660254j
 -0.5+0.8660254j  1. +0.j         1. +0.j         1. +0.j
 -0.5+0.8660254j -0.5+0.8660254j -0.5+0.8660254j -0.5+0.8660254j
  1. +0.j         1. +0.j         1. +0.j         1. +0.j
  1. +0.j         1. +0.j         1. +0.j        -0.5+0.8660254j
 -0.5+0.8660254j -0.5+0.8660254j -0.5+0.8660254j -0.5+0.8660254j
 -0.5+0.8660254j -0.5+0.8660254j -0.5+0.8660254j -0.5-0.8660254j
  1. +0.j        -0.5-0.8660254j  1. +0.j        -0.5-0.8660254j
 -0.5-0.8660254j -0.5-0.8660254j -0.5-0.8660254j -0.5-0.8660254j
  1. +0.j         1. +0.j        -0.5-0.8660254j  1. +0.j
 -0.5-0.8660254j  1. +0.j        -0.5-0.8660254j -0.5-0.8660254j
 -0.5-0.8660254j  1. +0.j         1. +0.j        -0.5-0.8660254j
  1. +0.j        -0.5-0.8660254j -0.5-0.8660254j  1. +0.j
  1. +0.j        -0.5-0.8660254j  1. +0.j         1. +0.j
  1. +0.j        -0.5-0.8660254j -0.5-0.8660254j -0.5-0.8660254j
  1. +0.j         1. +0.j         1. +0.j        -0.5-0.8660254j
  1. +0.j        -0.5-0.8660254j -0.5-0.8660254j  1. +0.j
  1. +0.j        -0.5-0.8660254j  1. +0.j        -0.5+0.8660254j
 -0.5+0.8660254j -0.5+0.8660254j  1. +0.j        -0.5+0.8660254j
 -0.5+0.8660254j  1. +0.j         1. +0.j        -0.5+0.8660254j
 -0.5+0.8660254j  1. +0.j         1. +0.j         1. +0.j
  1. +0.j        -0.5+0.8660254j -0.5+0.8660254j -0.5+0.8660254j
  1. +0.j        -0.5+0.8660254j  1. +0.j        -0.5+0.8660254j
 -0.5+0.8660254j  1. +0.j         1. +0.j        -0.5+0.8660254j
 -0.5+0.8660254j -0.5+0.8660254j  1. +0.j        -0.5+0.8660254j
  1. +0.j        -0.5+0.8660254j  1. +0.j         1. +0.j
 -0.5+0.8660254j -0.5+0.8660254j  1. +0.j        -0.5+0.8660254j
 -0.5+0.8660254j -0.5+0.8660254j -0.5+0.8660254j  1. +0.j
 -0.5+0.8660254j  1. +0.j        -0.5+0.8660254j -0.5+0.8660254j
 -0.5+0.8660254j  1. +0.j         1. +0.j        -0.5+0.8660254j
 -0.5+0.8660254j -0.5+0.8660254j -0.5+0.8660254j  1. +0.j
 -0.5+0.8660254j  1. +0.j        -0.5+0.8660254j -0.5+0.8660254j
  1. +0.j         1. +0.j         1. +0.j         1. +0.j
  1. +0.j        -0.5+0.8660254j -0.5+0.8660254j  1. +0.j
 -0.5+0.8660254j -0.5+0.8660254j -0.5+0.8660254j  1. +0.j
 -0.5+0.8660254j  1. +0.j        -0.5+0.8660254j -0.5+0.8660254j
 -0.5+0.8660254j -0.5+0.8660254j  1. +0.j         1. +0.j
 -0.5+0.8660254j  1. +0.j        -0.5+0.8660254j  1. +0.j
  1. +0.j        -0.5+0.8660254j  1. +0.j         1. +0.j
  1. +0.j         1. +0.j        -0.5+0.8660254j -0.5+0.8660254j
 -0.5+0.8660254j -0.5+0.8660254j -0.5+0.8660254j -0.5+0.8660254j
 -0.5+0.8660254j  1. +0.j        -0.5+0.8660254j -0.5+0.8660254j
  1. +0.j        -0.5+0.8660254j  1. +0.j        -0.5+0.8660254j
  1. +0.j         1. +0.j        -0.5+0.8660254j  1. +0.j
  1. +0.j         1. +0.j        -0.5+0.8660254j  1. +0.j
  1. +0.j        -0.5+0.8660254j  1. +0.j        -0.5+0.8660254j
 -0.5+0.8660254j -0.5+0.8660254j -0.5+0.8660254j  1. +0.j
 -0.5+0.8660254j  1. +0.j        -0.5+0.8660254j -0.5+0.8660254j
  1. +0.j        -0.5+0.8660254j  1. +0.j        -0.5+0.8660254j
 -0.5+0.8660254j -0.5+0.8660254j -0.5+0.8660254j -0.5+0.8660254j
  1. +0.j        -0.5+0.8660254j  1. +0.j        -0.5+0.8660254j
  1. +0.j        -0.5+0.8660254j -0.5+0.8660254j  1. +0.j
  1. +0.j         1. +0.j        -0.5+0.8660254j -0.5+0.8660254j
  1. +0.j        -0.5+0.8660254j -0.5+0.8660254j -0.5+0.8660254j
  1. +0.j         1. +0.j         1. +0.j        -0.5+0.8660254j
 -0.5+0.8660254j  1. +0.j         1. +0.j         1. +0.j
 -0.5+0.8660254j  1. +0.j         1. +0.j        -0.5+0.8660254j
 -0.5+0.8660254j  1. +0.j         1. +0.j        -0.5+0.8660254j
 -0.5+0.8660254j -0.5+0.8660254j -0.5+0.8660254j -0.5+0.8660254j
  1. +0.j        -0.5-0.8660254j -0.5-0.8660254j  1. +0.j
  1. +0.j        -0.5-0.8660254j -0.5-0.8660254j -0.5+0.8660254j
 -0.5+0.8660254j  1. +0.j        -0.5+0.8660254j  1. +0.j
  1. +0.j         1. +0.j        -0.5+0.8660254j  1. +0.j
  1. +0.j         1. +0.j        -0.5-0.8660254j -0.5-0.8660254j
  1. +0.j         1. +0.j        -0.5-0.8660254j  1. +0.j
  1. +0.j        -0.5-0.8660254j -0.5-0.8660254j -0.5-0.8660254j
  1. +0.j        -0.5-0.8660254j  1. +0.j         1. +0.j
  1. +0.j         1. +0.j        -0.5-0.8660254j -0.5-0.8660254j
  1. +0.j        -0.5-0.8660254j  1. +0.j         1. +0.j
  1. +0.j         1. +0.j        -0.5-0.8660254j  1. +0.j
  1. +0.j        -0.5-0.8660254j  1. +0.j        -0.5-0.8660254j
  1. +0.j        -0.5-0.8660254j  1. +0.j         1. +0.j
  1. +0.j        -0.5-0.8660254j -0.5-0.8660254j  1. +0.j
  1. +0.j         1. +0.j         1. +0.j         1. +0.j
 -0.5-0.8660254j -0.5-0.8660254j -0.5-0.8660254j -0.5-0.8660254j
  1. +0.j         1. +0.j         1. +0.j         1. +0.j
 -0.5-0.8660254j  1. +0.j        -0.5-0.8660254j  1. +0.j
 -0.5-0.8660254j -0.5-0.8660254j  1. +0.j         1. +0.j
 -0.5-0.8660254j  1. +0.j        -0.5-0.8660254j -0.5-0.8660254j
  1. +0.j        -0.5-0.8660254j -0.5-0.8660254j -0.5-0.8660254j
  1. +0.j         1. +0.j         1. +0.j        -0.5-0.8660254j
 -0.5-0.8660254j -0.5-0.8660254j  1. +0.j        -0.5-0.8660254j
 -0.5-0.8660254j -0.5-0.8660254j -0.5-0.8660254j -0.5-0.8660254j
  1. +0.j         1. +0.j         1. +0.j         1. +0.j
  1. +0.j         1. +0.j         1. +0.j         1. +0.j
  1. +0.j        -0.5-0.8660254j -0.5-0.8660254j -0.5-0.8660254j
  1. +0.j        -0.5-0.8660254j  1. +0.j         1. +0.j
  1. +0.j        -0.5-0.8660254j -0.5-0.8660254j  1. +0.j
  1. +0.j         1. +0.j        -0.5-0.8660254j  1. +0.j
 -0.5-0.8660254j -0.5-0.8660254j  1. +0.j         1. +0.j
 -0.5-0.8660254j  1. +0.j         1. +0.j        -0.5-0.8660254j
  1. +0.j         1. +0.j        -0.5-0.8660254j -0.5-0.8660254j
  1. +0.j         1. +0.j        -0.5-0.8660254j -0.5-0.8660254j
  1. +0.j        -0.5-0.8660254j -0.5-0.8660254j -0.5-0.8660254j
  1. +0.j        -0.5-0.8660254j -0.5-0.8660254j -0.5-0.8660254j
 -0.5-0.8660254j  1. +0.j         1. +0.j         1. +0.j
  1. +0.j        -0.5-0.8660254j -0.5-0.8660254j  1. +0.j
  1. +0.j        -0.5-0.8660254j -0.5-0.8660254j -0.5-0.8660254j
 -0.5-0.8660254j  1. +0.j         1. +0.j        -0.5-0.8660254j
  1. +0.j        -0.5-0.8660254j -0.5-0.8660254j  1. +0.j
 -0.5-0.8660254j  1. +0.j        -0.5-0.8660254j -0.5-0.8660254j
  1. +0.j         1. +0.j         1. +0.j         1. +0.j
 -0.5-0.8660254j  1. +0.j        -0.5-0.8660254j  1. +0.j
  1. +0.j         1. +0.j         1. +0.j         1. +0.j
  1. +0.j         1. +0.j         1. +0.j         1. +0.j
 -0.5-0.8660254j -0.5-0.8660254j -0.5-0.8660254j  1. +0.j
 -0.5-0.8660254j  1. +0.j        -0.5-0.8660254j  1. +0.j
  1. +0.j        -0.5-0.8660254j -0.5-0.8660254j  1. +0.j
  1. +0.j        -0.5-0.8660254j  1. +0.j        -0.5-0.8660254j
  1. +0.j        -0.5-0.8660254j  1. +0.j         1. +0.j
  1. +0.j        -0.5-0.8660254j  1. +0.j        -0.5-0.8660254j
  1. +0.j        -0.5-0.8660254j  1. +0.j         1. +0.j
  1. +0.j         1. +0.j        -0.5-0.8660254j -0.5-0.8660254j
  1. +0.j         1. +0.j        -0.5+0.8660254j  1. +0.j
 -0.5+0.8660254j  1. +0.j         1. +0.j         1. +0.j
  1. +0.j        -0.5+0.8660254j  1. +0.j        -0.5+0.8660254j
  1. +0.j        -0.5+0.8660254j  1. +0.j        -0.5+0.8660254j
  1. +0.j        -0.5+0.8660254j  1. +0.j        -0.5+0.8660254j
 -0.5+0.8660254j -0.5+0.8660254j  1. +0.j        -0.5+0.8660254j
  1. +0.j         1. +0.j         1. +0.j        -0.5+0.8660254j
  1. +0.j        -0.5+0.8660254j -0.5+0.8660254j  1. +0.j
 -0.5+0.8660254j -0.5+0.8660254j  1. +0.j         1. +0.j
 -0.5-0.8660254j -0.5-0.8660254j -0.5-0.8660254j -0.5-0.8660254j
 -0.5-0.8660254j -0.5-0.8660254j  1. +0.j        -0.5-0.8660254j
  1. +0.j        -0.5-0.8660254j -0.5-0.8660254j -0.5-0.8660254j
  1. +0.j         1. +0.j         1. +0.j         1. +0.j
  1. +0.j         1. +0.j         1. +0.j        -0.5-0.8660254j
  1. +0.j         1. +0.j         1. +0.j         1. +0.j
 -0.5-0.8660254j -0.5-0.8660254j  1. +0.j        -0.5-0.8660254j
 -0.5-0.8660254j -0.5+0.8660254j  1. +0.j        -0.5+0.8660254j
  1. +0.j        -0.5+0.8660254j  1. +0.j         1. +0.j
 -0.5+0.8660254j -0.5+0.8660254j -0.5+0.8660254j  1. +0.j
 -0.5+0.8660254j  1. +0.j        -0.5+0.8660254j -0.5+0.8660254j
  1. +0.j        -0.5+0.8660254j -0.5+0.8660254j -0.5+0.8660254j
  1. +0.j         1. +0.j         1. +0.j        -0.5+0.8660254j
  1. +0.j        -0.5+0.8660254j -0.5+0.8660254j  1. +0.j
  1. +0.j         1. +0.j        -0.5+0.8660254j -0.5+0.8660254j
 -0.5+0.8660254j  1. +0.j        -0.5-0.8660254j -0.5-0.8660254j]
2025-11-20 17:06:05 [INFO] Saved results to results/20251120_170605_result_n1000.json
