2025-11-20 00:53:23,067	INFO scripts.py:1163 -- Did not find any active Ray processes.
2025-11-20 00:53:25,355	INFO scripts.py:1163 -- Did not find any active Ray processes.
2025-11-20 00:53:26,875	INFO usage_lib.py:421 -- Usage stats collection is enabled. To disable this, add `--disable-usage-stats` to the command that starts the cluster, or run the following command: `ray disable-usage-stats` before starting the cluster. See https://docs.ray.io/en/master/cluster/usage-stats.html for more details.
2025-11-20 00:53:26,875	INFO scripts.py:744 -- Local node IP: 192.168.154.11
2025-11-20 00:53:29,841	SUCC scripts.py:781 -- --------------------
2025-11-20 00:53:29,841	SUCC scripts.py:782 -- Ray runtime started.
2025-11-20 00:53:29,841	SUCC scripts.py:783 -- --------------------
2025-11-20 00:53:29,841	INFO scripts.py:785 -- Next steps
2025-11-20 00:53:29,841	INFO scripts.py:788 -- To add another node to this Ray cluster, run
2025-11-20 00:53:29,841	INFO scripts.py:791 --   ray start --address='192.168.154.11:6379'
2025-11-20 00:53:29,841	INFO scripts.py:800 -- To connect to this Ray cluster:
2025-11-20 00:53:29,841	INFO scripts.py:802 -- import ray
2025-11-20 00:53:29,841	INFO scripts.py:803 -- ray.init(_node_ip_address='192.168.154.11')
2025-11-20 00:53:29,841	INFO scripts.py:834 -- To terminate the Ray runtime, run
2025-11-20 00:53:29,841	INFO scripts.py:835 --   ray stop
2025-11-20 00:53:29,841	INFO scripts.py:838 -- To view the status of the cluster, use
2025-11-20 00:53:29,841	INFO scripts.py:839 --   ray status
2025-11-20 00:53:29,842	INFO scripts.py:952 -- --block
2025-11-20 00:53:29,842	INFO scripts.py:953 -- This command will now block forever until terminated by a signal.
2025-11-20 00:53:29,842	INFO scripts.py:956 -- Running subprocesses are monitored and a message will be printed if any of them terminate unexpectedly. Subprocesses exit with SIGTERM will be treated as graceful, thus NOT reported.
2025-11-20 00:53:37,397	INFO scripts.py:926 -- Local node IP: 192.168.154.12
2025-11-20 00:53:37,428	SUCC scripts.py:939 -- --------------------
2025-11-20 00:53:37,428	SUCC scripts.py:940 -- Ray runtime started.
2025-11-20 00:53:37,428	SUCC scripts.py:941 -- --------------------
2025-11-20 00:53:37,428	INFO scripts.py:943 -- To terminate the Ray runtime, run
2025-11-20 00:53:37,428	INFO scripts.py:944 --   ray stop
2025-11-20 00:53:37,428	INFO scripts.py:952 -- --block
2025-11-20 00:53:37,428	INFO scripts.py:953 -- This command will now block forever until terminated by a signal.
2025-11-20 00:53:37,428	INFO scripts.py:956 -- Running subprocesses are monitored and a message will be printed if any of them terminate unexpectedly. Subprocesses exit with SIGTERM will be treated as graceful, thus NOT reported.
