2025-11-20 03:01:10,230	INFO scripts.py:1332 -- Did not find any active Ray processes.
2025-11-20 03:01:13,546	INFO scripts.py:1332 -- Did not find any active Ray processes.
2025-11-20 03:01:15,993	INFO usage_lib.py:478 -- Usage stats collection is enabled. To disable this, add `--disable-usage-stats` to the command that starts the cluster, or run the following command: `ray disable-usage-stats` before starting the cluster. See https://docs.ray.io/en/master/cluster/usage-stats.html for more details.
2025-11-20 03:01:15,993	INFO scripts.py:914 -- [37mLocal node IP[39m: [1m192.168.154.11[22m
2025-11-20 03:01:20,684	SUCC scripts.py:950 -- [32m--------------------[39m
2025-11-20 03:01:20,684	SUCC scripts.py:951 -- [32mRay runtime started.[39m
2025-11-20 03:01:20,684	SUCC scripts.py:952 -- [32m--------------------[39m
2025-11-20 03:01:20,684	INFO scripts.py:954 -- [36mNext steps[39m
2025-11-20 03:01:20,684	INFO scripts.py:957 -- To add another node to this Ray cluster, run
2025-11-20 03:01:20,684	INFO scripts.py:960 -- [1m  ray start --address='192.168.154.11:6379'[22m
2025-11-20 03:01:20,684	INFO scripts.py:969 -- To connect to this Ray cluster:
2025-11-20 03:01:20,684	INFO scripts.py:971 -- [35mimport[39m[26m ray
2025-11-20 03:01:20,684	INFO scripts.py:972 -- ray[35m.[39m[26minit(_node_ip_address[35m=[39m[26m[33m'192.168.154.11'[39m[26m)
2025-11-20 03:01:20,684	INFO scripts.py:984 -- To submit a Ray job using the Ray Jobs CLI:
2025-11-20 03:01:20,684	INFO scripts.py:985 -- [1m  RAY_API_SERVER_ADDRESS='http://127.0.0.1:8265' ray job submit --working-dir . -- python my_script.py[22m
2025-11-20 03:01:20,684	INFO scripts.py:994 -- See https://docs.ray.io/en/latest/cluster/running-applications/job-submission/index.html 
2025-11-20 03:01:20,684	INFO scripts.py:998 -- for more information on submitting Ray jobs to the Ray cluster.
2025-11-20 03:01:20,684	INFO scripts.py:1003 -- To terminate the Ray runtime, run
2025-11-20 03:01:20,684	INFO scripts.py:1004 -- [1m  ray stop[22m
2025-11-20 03:01:20,684	INFO scripts.py:1007 -- To view the status of the cluster, use
2025-11-20 03:01:20,684	INFO scripts.py:1008 --   [1mray status[22m[26m
2025-11-20 03:01:20,684	INFO scripts.py:1012 -- To monitor and debug Ray, view the dashboard at 
2025-11-20 03:01:20,684	INFO scripts.py:1013 --   [1m127.0.0.1:8265[22m[26m
2025-11-20 03:01:20,684	INFO scripts.py:1020 -- [4mIf connection to the dashboard fails, check your firewall settings and network configuration.[24m
2025-11-20 03:01:20,685	INFO scripts.py:1121 -- [36m[1m--block[22m[39m
2025-11-20 03:01:20,685	INFO scripts.py:1122 -- This command will now block forever until terminated by a signal.
2025-11-20 03:01:20,685	INFO scripts.py:1125 -- Running subprocesses are monitored and a message will be printed if any of them terminate unexpectedly. Subprocesses exit with SIGTERM will be treated as graceful, thus NOT reported.
2025-11-20 03:01:26,242	INFO scripts.py:1095 -- [37mLocal node IP[39m: [1m192.168.154.12[22m
2025-11-20 03:01:27,666	SUCC scripts.py:1108 -- [32m--------------------[39m
2025-11-20 03:01:27,666	SUCC scripts.py:1109 -- [32mRay runtime started.[39m
2025-11-20 03:01:27,666	SUCC scripts.py:1110 -- [32m--------------------[39m
2025-11-20 03:01:27,666	INFO scripts.py:1112 -- To terminate the Ray runtime, run
2025-11-20 03:01:27,666	INFO scripts.py:1113 -- [1m  ray stop[22m
2025-11-20 03:01:27,667	INFO scripts.py:1121 -- [36m[1m--block[22m[39m
2025-11-20 03:01:27,667	INFO scripts.py:1122 -- This command will now block forever until terminated by a signal.
2025-11-20 03:01:27,667	INFO scripts.py:1125 -- Running subprocesses are monitored and a message will be printed if any of them terminate unexpectedly. Subprocesses exit with SIGTERM will be treated as graceful, thus NOT reported.
