[2025-11-20 00:53:37,427 I 214563 214563] global_state_accessor.cc:374: This node has an IP address of 192.168.154.12, but we cannot find a local Raylet with the same address. This can happen when you connect to the Ray cluster with a different IP address or when connecting to a container.
srun: Job 14057 step creation temporarily disabled, retrying (Requested nodes are busy)
srun: Job 14057 step creation still disabled, retrying (Requested nodes are busy)
srun: Job 14057 step creation still disabled, retrying (Requested nodes are busy)
srun: Job 14057 step creation still disabled, retrying (Requested nodes are busy)
srun: Job 14057 step creation still disabled, retrying (Requested nodes are busy)
srun: Job 14057 step creation still disabled, retrying (Requested nodes are busy)
srun: Job 14057 step creation still disabled, retrying (Requested nodes are busy)
srun: Job 14057 step creation still disabled, retrying (Requested nodes are busy)
srun: Job 14057 step creation still disabled, retrying (Requested nodes are busy)
srun: Job 14057 step creation still disabled, retrying (Requested nodes are busy)
srun: Job 14057 step creation still disabled, retrying (Requested nodes are busy)
srun: Job 14057 step creation still disabled, retrying (Requested nodes are busy)
srun: Job 14057 step creation still disabled, retrying (Requested nodes are busy)
srun: Job 14057 step creation still disabled, retrying (Requested nodes are busy)
srun: Job 14057 step creation still disabled, retrying (Requested nodes are busy)
srun: Job 14057 step creation still disabled, retrying (Requested nodes are busy)
srun: Job 14057 step creation still disabled, retrying (Requested nodes are busy)
srun: Job 14057 step creation still disabled, retrying (Requested nodes are busy)
srun: Job 14057 step creation still disabled, retrying (Requested nodes are busy)
srun: Job 14057 step creation still disabled, retrying (Requested nodes are busy)
srun: Job 14057 step creation still disabled, retrying (Requested nodes are busy)
srun: Job 14057 step creation still disabled, retrying (Requested nodes are busy)
srun: Job 14057 step creation still disabled, retrying (Requested nodes are busy)
srun: Job 14057 step creation still disabled, retrying (Requested nodes are busy)
srun: Job 14057 step creation still disabled, retrying (Requested nodes are busy)
srun: Job 14057 step creation still disabled, retrying (Requested nodes are busy)
srun: Job 14057 step creation still disabled, retrying (Requested nodes are busy)
srun: error: Unable to create step for job 14057: Job/step already completing or completed
srun: Job step aborted: Waiting up to 32 seconds for job step to finish.
srun: Job step aborted: Waiting up to 32 seconds for job step to finish.
