2026-01-15 23:13:53 [INFO] [top_r_eigh] using scipy.linalg.eigh subset_by_index=[47, 49]
2026-01-15 23:13:53 [INFO] [top_r_eigh] scipy eigh done in 0.0017s
2026-01-15 23:13:53 [INFO] [low_rank_V] top-3 eigenvalues: max=34.428351915512785, min=33.22472765037073
2026-01-15 23:13:53 [INFO] [low_rank_V] V shape=(50, 3), dtype=float64
2026-01-15 23:13:53 [INFO] [low_rank_V] done in 0.0001s
2026-01-15 23:13:53 [INFO] [top_r_eigh] using scipy.linalg.eigh subset_by_index=[47, 49]
2026-01-15 23:13:53 [INFO] [top_r_eigh] scipy eigh done in 0.0002s
2026-01-15 23:13:53 [INFO] [low_rank_V] top-3 eigenvalues: max=34.78816538043383, min=32.134619223587144
2026-01-15 23:13:53 [INFO] [low_rank_V] V shape=(50, 3), dtype=float64
2026-01-15 23:13:53 [INFO] [low_rank_V] done in 0.0001s
2026-01-15 23:13:53 [INFO] [top_r_eigh] using scipy.linalg.eigh subset_by_index=[47, 49]
2026-01-15 23:13:53 [INFO] [top_r_eigh] scipy eigh done in 0.0002s
2026-01-15 23:13:53 [INFO] [low_rank_V] top-3 eigenvalues: max=35.23321276999256, min=32.73324296893352
2026-01-15 23:13:53 [INFO] [low_rank_V] V shape=(50, 3), dtype=float64
2026-01-15 23:13:53 [INFO] [low_rank_V] done in 0.0001s
2026-01-15 23:13:53 [INFO] [top_r_eigh] using scipy.linalg.eigh subset_by_index=[47, 49]
2026-01-15 23:13:53 [INFO] [top_r_eigh] scipy eigh done in 0.0002s
2026-01-15 23:13:53 [INFO] [low_rank_V] top-3 eigenvalues: max=35.984987832792584, min=33.100417669012096
2026-01-15 23:13:53 [INFO] [low_rank_V] V shape=(50, 3), dtype=float64
2026-01-15 23:13:53 [INFO] [low_rank_V] done in 0.0001s
2026-01-15 23:13:53 [INFO] [top_r_eigh] using scipy.linalg.eigh subset_by_index=[47, 49]
2026-01-15 23:13:53 [INFO] [top_r_eigh] scipy eigh done in 0.0002s
2026-01-15 23:13:53 [INFO] [low_rank_V] top-3 eigenvalues: max=34.35719447594315, min=33.33347750650308
2026-01-15 23:13:53 [INFO] [low_rank_V] V shape=(50, 3), dtype=float64
2026-01-15 23:13:53 [INFO] [low_rank_V] done in 0.0001s
2026-01-15 23:13:53 [INFO] [top_r_eigh] using scipy.linalg.eigh subset_by_index=[47, 49]
2026-01-15 23:13:53 [INFO] [top_r_eigh] scipy eigh done in 0.0002s
2026-01-15 23:13:53 [INFO] [low_rank_V] top-3 eigenvalues: max=34.3769930888046, min=32.98195313204581
2026-01-15 23:13:53 [INFO] [low_rank_V] V shape=(50, 3), dtype=float64
2026-01-15 23:13:53 [INFO] [low_rank_V] done in 0.0001s
2026-01-15 23:13:53 [INFO] [top_r_eigh] using scipy.linalg.eigh subset_by_index=[47, 49]
2026-01-15 23:13:53 [INFO] [top_r_eigh] scipy eigh done in 0.0002s
2026-01-15 23:13:53 [INFO] [low_rank_V] top-3 eigenvalues: max=36.712170956691686, min=33.16290185951249
2026-01-15 23:13:53 [INFO] [low_rank_V] V shape=(50, 3), dtype=float64
2026-01-15 23:13:53 [INFO] [low_rank_V] done in 0.0001s
2026-01-15 23:13:53 [INFO] [top_r_eigh] using scipy.linalg.eigh subset_by_index=[47, 49]
2026-01-15 23:13:53 [INFO] [top_r_eigh] scipy eigh done in 0.0002s
2026-01-15 23:13:53 [INFO] [low_rank_V] top-3 eigenvalues: max=36.11649527769927, min=34.63536958250353
2026-01-15 23:13:53 [INFO] [low_rank_V] V shape=(50, 3), dtype=float64
2026-01-15 23:13:53 [INFO] [low_rank_V] done in 0.0001s
2026-01-15 23:13:53 [INFO] [top_r_eigh] using scipy.linalg.eigh subset_by_index=[47, 49]
2026-01-15 23:13:53 [INFO] [top_r_eigh] scipy eigh done in 0.0002s
2026-01-15 23:13:53 [INFO] [low_rank_V] top-3 eigenvalues: max=34.542105214543064, min=33.003691511127066
2026-01-15 23:13:53 [INFO] [low_rank_V] V shape=(50, 3), dtype=float64
2026-01-15 23:13:53 [INFO] [low_rank_V] done in 0.0001s
2026-01-15 23:13:53 [INFO] [top_r_eigh] using scipy.linalg.eigh subset_by_index=[47, 49]
2026-01-15 23:13:53 [INFO] [top_r_eigh] scipy eigh done in 0.0002s
2026-01-15 23:13:53 [INFO] [low_rank_V] top-3 eigenvalues: max=33.401937871118356, min=32.497822615380876
2026-01-15 23:13:53 [INFO] [low_rank_V] V shape=(50, 3), dtype=float64
2026-01-15 23:13:53 [INFO] [low_rank_V] done in 0.0001s
2026-01-15 23:13:53 [INFO] [top_r_eigh] using scipy.linalg.eigh subset_by_index=[47, 49]
2026-01-15 23:13:53 [INFO] [top_r_eigh] scipy eigh done in 0.0002s
2026-01-15 23:13:53 [INFO] [low_rank_V] top-3 eigenvalues: max=33.49463399421949, min=32.47048633653565
2026-01-15 23:13:53 [INFO] [low_rank_V] V shape=(50, 3), dtype=float64
2026-01-15 23:13:53 [INFO] [low_rank_V] done in 0.0001s
2026-01-15 23:13:53 [INFO] [top_r_eigh] using scipy.linalg.eigh subset_by_index=[47, 49]
2026-01-15 23:13:53 [INFO] [top_r_eigh] scipy eigh done in 0.0002s
2026-01-15 23:13:53 [INFO] [low_rank_V] top-3 eigenvalues: max=33.83948272820438, min=32.330203271465614
2026-01-15 23:13:53 [INFO] [low_rank_V] V shape=(50, 3), dtype=float64
2026-01-15 23:13:53 [INFO] [low_rank_V] done in 0.0001s
2026-01-15 23:13:53 [INFO] [top_r_eigh] using scipy.linalg.eigh subset_by_index=[47, 49]
2026-01-15 23:13:53 [INFO] [top_r_eigh] scipy eigh done in 0.0002s
2026-01-15 23:13:53 [INFO] [low_rank_V] top-3 eigenvalues: max=34.425190732872714, min=32.16007287874502
2026-01-15 23:13:53 [INFO] [low_rank_V] V shape=(50, 3), dtype=float64
2026-01-15 23:13:53 [INFO] [low_rank_V] done in 0.0001s
2026-01-15 23:13:53 [INFO] [top_r_eigh] using scipy.linalg.eigh subset_by_index=[47, 49]
2026-01-15 23:13:53 [INFO] [top_r_eigh] scipy eigh done in 0.0002s
2026-01-15 23:13:53 [INFO] [low_rank_V] top-3 eigenvalues: max=35.82411953455014, min=33.082238697453725
2026-01-15 23:13:53 [INFO] [low_rank_V] V shape=(50, 3), dtype=float64
2026-01-15 23:13:53 [INFO] [low_rank_V] done in 0.0001s
2026-01-15 23:13:53 [INFO] [top_r_eigh] using scipy.linalg.eigh subset_by_index=[47, 49]
2026-01-15 23:13:53 [INFO] [top_r_eigh] scipy eigh done in 0.0002s
2026-01-15 23:13:53 [INFO] [low_rank_V] top-3 eigenvalues: max=34.67738220975483, min=33.38022191633382
2026-01-15 23:13:53 [INFO] [low_rank_V] V shape=(50, 3), dtype=float64
2026-01-15 23:13:53 [INFO] [low_rank_V] done in 0.0001s
2026-01-15 23:13:53 [INFO] [top_r_eigh] using scipy.linalg.eigh subset_by_index=[47, 49]
2026-01-15 23:13:53 [INFO] [top_r_eigh] scipy eigh done in 0.0002s
2026-01-15 23:13:53 [INFO] [low_rank_V] top-3 eigenvalues: max=35.57499581506575, min=33.442353993206474
2026-01-15 23:13:53 [INFO] [low_rank_V] V shape=(50, 3), dtype=float64
2026-01-15 23:13:53 [INFO] [low_rank_V] done in 0.0001s
2026-01-15 23:13:53 [INFO] [top_r_eigh] using scipy.linalg.eigh subset_by_index=[47, 49]
2026-01-15 23:13:53 [INFO] [top_r_eigh] scipy eigh done in 0.0002s
2026-01-15 23:13:53 [INFO] [low_rank_V] top-3 eigenvalues: max=35.170496323528035, min=32.98853136069089
2026-01-15 23:13:53 [INFO] [low_rank_V] V shape=(50, 3), dtype=float64
2026-01-15 23:13:53 [INFO] [low_rank_V] done in 0.0001s
2026-01-15 23:13:53 [INFO] [top_r_eigh] using scipy.linalg.eigh subset_by_index=[47, 49]
2026-01-15 23:13:53 [INFO] [top_r_eigh] scipy eigh done in 0.0002s
2026-01-15 23:13:53 [INFO] [low_rank_V] top-3 eigenvalues: max=36.88958024331608, min=33.648218063917064
2026-01-15 23:13:53 [INFO] [low_rank_V] V shape=(50, 3), dtype=float64
2026-01-15 23:13:53 [INFO] [low_rank_V] done in 0.0001s
2026-01-15 23:13:54 [INFO] [top_r_eigh] using scipy.linalg.eigh subset_by_index=[47, 49]
2026-01-15 23:13:54 [INFO] [top_r_eigh] scipy eigh done in 0.0002s
2026-01-15 23:13:54 [INFO] [low_rank_V] top-3 eigenvalues: max=33.514791877260045, min=32.319354048926705
2026-01-15 23:13:54 [INFO] [low_rank_V] V shape=(50, 3), dtype=float64
2026-01-15 23:13:54 [INFO] [low_rank_V] done in 0.0001s
2026-01-15 23:13:54 [INFO] [top_r_eigh] using scipy.linalg.eigh subset_by_index=[47, 49]
2026-01-15 23:13:54 [INFO] [top_r_eigh] scipy eigh done in 0.0002s
2026-01-15 23:13:54 [INFO] [low_rank_V] top-3 eigenvalues: max=33.90800280742801, min=32.95164719180385
2026-01-15 23:13:54 [INFO] [low_rank_V] V shape=(50, 3), dtype=float64
2026-01-15 23:13:54 [INFO] [low_rank_V] done in 0.0001s
