2026-01-15 23:44:01 [INFO] [top_r_eigh] using scipy.linalg.eigh subset_by_index=[19, 19]
2026-01-15 23:44:01 [INFO] [top_r_eigh] scipy eigh done in 0.0003s
2026-01-15 23:44:01 [INFO] [low_rank_V] top-1 eigenvalues: max=20.00000000000001, min=20.00000000000001
2026-01-15 23:44:01 [INFO] [low_rank_V] V shape=(20, 1), dtype=float64
2026-01-15 23:44:01 [INFO] [low_rank_V] done in 0.0001s
2026-01-15 23:44:02 [INFO] [top_r_eigh] using scipy.linalg.eigh subset_by_index=[19, 19]
2026-01-15 23:44:02 [INFO] [top_r_eigh] scipy eigh done in 0.0001s
2026-01-15 23:44:02 [INFO] [low_rank_V] top-1 eigenvalues: max=20.000000000000018, min=20.000000000000018
2026-01-15 23:44:02 [INFO] [low_rank_V] V shape=(20, 1), dtype=float64
2026-01-15 23:44:02 [INFO] [low_rank_V] done in 0.0001s
2026-01-15 23:44:02 [INFO] [top_r_eigh] using scipy.linalg.eigh subset_by_index=[19, 19]
2026-01-15 23:44:02 [INFO] [top_r_eigh] scipy eigh done in 0.0001s
2026-01-15 23:44:02 [INFO] [low_rank_V] top-1 eigenvalues: max=19.999999999999996, min=19.999999999999996
2026-01-15 23:44:02 [INFO] [low_rank_V] V shape=(20, 1), dtype=float64
2026-01-15 23:44:02 [INFO] [low_rank_V] done in 0.0001s
2026-01-15 23:44:02 [INFO] [top_r_eigh] using scipy.linalg.eigh subset_by_index=[19, 19]
2026-01-15 23:44:02 [INFO] [top_r_eigh] scipy eigh done in 0.0001s
2026-01-15 23:44:02 [INFO] [low_rank_V] top-1 eigenvalues: max=20.000000000000014, min=20.000000000000014
2026-01-15 23:44:02 [INFO] [low_rank_V] V shape=(20, 1), dtype=float64
2026-01-15 23:44:02 [INFO] [low_rank_V] done in 0.0001s
2026-01-15 23:44:02 [INFO] [top_r_eigh] using scipy.linalg.eigh subset_by_index=[19, 19]
2026-01-15 23:44:02 [INFO] [top_r_eigh] scipy eigh done in 0.0001s
2026-01-15 23:44:02 [INFO] [low_rank_V] top-1 eigenvalues: max=19.99999999999999, min=19.99999999999999
2026-01-15 23:44:02 [INFO] [low_rank_V] V shape=(20, 1), dtype=float64
2026-01-15 23:44:02 [INFO] [low_rank_V] done in 0.0001s
2026-01-15 23:44:02 [INFO] [top_r_eigh] using scipy.linalg.eigh subset_by_index=[19, 19]
2026-01-15 23:44:02 [INFO] [top_r_eigh] scipy eigh done in 0.0001s
2026-01-15 23:44:02 [INFO] [low_rank_V] top-1 eigenvalues: max=20.000000000000004, min=20.000000000000004
2026-01-15 23:44:02 [INFO] [low_rank_V] V shape=(20, 1), dtype=float64
2026-01-15 23:44:02 [INFO] [low_rank_V] done in 0.0001s
2026-01-15 23:44:02 [INFO] [top_r_eigh] using scipy.linalg.eigh subset_by_index=[19, 19]
2026-01-15 23:44:02 [INFO] [top_r_eigh] scipy eigh done in 0.0001s
2026-01-15 23:44:02 [INFO] [low_rank_V] top-1 eigenvalues: max=20.000000000000004, min=20.000000000000004
2026-01-15 23:44:02 [INFO] [low_rank_V] V shape=(20, 1), dtype=float64
2026-01-15 23:44:02 [INFO] [low_rank_V] done in 0.0001s
2026-01-15 23:44:02 [INFO] [top_r_eigh] using scipy.linalg.eigh subset_by_index=[19, 19]
2026-01-15 23:44:02 [INFO] [top_r_eigh] scipy eigh done in 0.0001s
2026-01-15 23:44:02 [INFO] [low_rank_V] top-1 eigenvalues: max=20.000000000000018, min=20.000000000000018
2026-01-15 23:44:02 [INFO] [low_rank_V] V shape=(20, 1), dtype=float64
2026-01-15 23:44:02 [INFO] [low_rank_V] done in 0.0001s
2026-01-15 23:44:02 [INFO] [top_r_eigh] using scipy.linalg.eigh subset_by_index=[19, 19]
2026-01-15 23:44:02 [INFO] [top_r_eigh] scipy eigh done in 0.0001s
2026-01-15 23:44:02 [INFO] [low_rank_V] top-1 eigenvalues: max=19.999999999999996, min=19.999999999999996
2026-01-15 23:44:02 [INFO] [low_rank_V] V shape=(20, 1), dtype=float64
2026-01-15 23:44:02 [INFO] [low_rank_V] done in 0.0001s
2026-01-15 23:44:02 [INFO] [top_r_eigh] using scipy.linalg.eigh subset_by_index=[19, 19]
2026-01-15 23:44:02 [INFO] [top_r_eigh] scipy eigh done in 0.0001s
2026-01-15 23:44:02 [INFO] [low_rank_V] top-1 eigenvalues: max=20.000000000000004, min=20.000000000000004
2026-01-15 23:44:02 [INFO] [low_rank_V] V shape=(20, 1), dtype=float64
2026-01-15 23:44:02 [INFO] [low_rank_V] done in 0.0001s
2026-01-15 23:44:02 [INFO] [top_r_eigh] using scipy.linalg.eigh subset_by_index=[19, 19]
2026-01-15 23:44:02 [INFO] [top_r_eigh] scipy eigh done in 0.0001s
2026-01-15 23:44:02 [INFO] [low_rank_V] top-1 eigenvalues: max=20.00000000000001, min=20.00000000000001
2026-01-15 23:44:02 [INFO] [low_rank_V] V shape=(20, 1), dtype=float64
2026-01-15 23:44:02 [INFO] [low_rank_V] done in 0.0001s
2026-01-15 23:44:02 [INFO] [top_r_eigh] using scipy.linalg.eigh subset_by_index=[19, 19]
2026-01-15 23:44:02 [INFO] [top_r_eigh] scipy eigh done in 0.0001s
2026-01-15 23:44:02 [INFO] [low_rank_V] top-1 eigenvalues: max=20.000000000000004, min=20.000000000000004
2026-01-15 23:44:02 [INFO] [low_rank_V] V shape=(20, 1), dtype=float64
2026-01-15 23:44:02 [INFO] [low_rank_V] done in 0.0001s
2026-01-15 23:44:02 [INFO] [top_r_eigh] using scipy.linalg.eigh subset_by_index=[19, 19]
2026-01-15 23:44:02 [INFO] [top_r_eigh] scipy eigh done in 0.0001s
2026-01-15 23:44:02 [INFO] [low_rank_V] top-1 eigenvalues: max=20.0, min=20.0
2026-01-15 23:44:02 [INFO] [low_rank_V] V shape=(20, 1), dtype=float64
2026-01-15 23:44:02 [INFO] [low_rank_V] done in 0.0001s
2026-01-15 23:44:02 [INFO] [top_r_eigh] using scipy.linalg.eigh subset_by_index=[19, 19]
2026-01-15 23:44:02 [INFO] [top_r_eigh] scipy eigh done in 0.0001s
2026-01-15 23:44:02 [INFO] [low_rank_V] top-1 eigenvalues: max=20.000000000000018, min=20.000000000000018
2026-01-15 23:44:02 [INFO] [low_rank_V] V shape=(20, 1), dtype=float64
2026-01-15 23:44:02 [INFO] [low_rank_V] done in 0.0001s
2026-01-15 23:44:02 [INFO] [top_r_eigh] using scipy.linalg.eigh subset_by_index=[19, 19]
2026-01-15 23:44:02 [INFO] [top_r_eigh] scipy eigh done in 0.0001s
2026-01-15 23:44:02 [INFO] [low_rank_V] top-1 eigenvalues: max=20.00000000000001, min=20.00000000000001
2026-01-15 23:44:02 [INFO] [low_rank_V] V shape=(20, 1), dtype=float64
2026-01-15 23:44:02 [INFO] [low_rank_V] done in 0.0001s
2026-01-15 23:44:02 [INFO] [top_r_eigh] using scipy.linalg.eigh subset_by_index=[19, 19]
2026-01-15 23:44:02 [INFO] [top_r_eigh] scipy eigh done in 0.0001s
2026-01-15 23:44:02 [INFO] [low_rank_V] top-1 eigenvalues: max=20.000000000000004, min=20.000000000000004
2026-01-15 23:44:02 [INFO] [low_rank_V] V shape=(20, 1), dtype=float64
2026-01-15 23:44:02 [INFO] [low_rank_V] done in 0.0001s
2026-01-15 23:44:02 [INFO] [top_r_eigh] using scipy.linalg.eigh subset_by_index=[19, 19]
2026-01-15 23:44:02 [INFO] [top_r_eigh] scipy eigh done in 0.0001s
2026-01-15 23:44:02 [INFO] [low_rank_V] top-1 eigenvalues: max=20.000000000000004, min=20.000000000000004
2026-01-15 23:44:02 [INFO] [low_rank_V] V shape=(20, 1), dtype=float64
2026-01-15 23:44:02 [INFO] [low_rank_V] done in 0.0001s
2026-01-15 23:44:02 [INFO] [top_r_eigh] using scipy.linalg.eigh subset_by_index=[19, 19]
2026-01-15 23:44:02 [INFO] [top_r_eigh] scipy eigh done in 0.0001s
2026-01-15 23:44:02 [INFO] [low_rank_V] top-1 eigenvalues: max=20.0, min=20.0
2026-01-15 23:44:02 [INFO] [low_rank_V] V shape=(20, 1), dtype=float64
2026-01-15 23:44:02 [INFO] [low_rank_V] done in 0.0001s
2026-01-15 23:44:02 [INFO] [top_r_eigh] using scipy.linalg.eigh subset_by_index=[19, 19]
2026-01-15 23:44:02 [INFO] [top_r_eigh] scipy eigh done in 0.0001s
2026-01-15 23:44:02 [INFO] [low_rank_V] top-1 eigenvalues: max=20.00000000000001, min=20.00000000000001
2026-01-15 23:44:02 [INFO] [low_rank_V] V shape=(20, 1), dtype=float64
2026-01-15 23:44:02 [INFO] [low_rank_V] done in 0.0001s
2026-01-15 23:44:02 [INFO] [top_r_eigh] using scipy.linalg.eigh subset_by_index=[19, 19]
2026-01-15 23:44:02 [INFO] [top_r_eigh] scipy eigh done in 0.0001s
2026-01-15 23:44:02 [INFO] [low_rank_V] top-1 eigenvalues: max=20.000000000000025, min=20.000000000000025
2026-01-15 23:44:02 [INFO] [low_rank_V] V shape=(20, 1), dtype=float64
2026-01-15 23:44:02 [INFO] [low_rank_V] done in 0.0001s
