2026-01-15 23:44:02 [INFO] [top_r_eigh] using scipy.linalg.eigh subset_by_index=[17, 19]
2026-01-15 23:44:02 [INFO] [top_r_eigh] scipy eigh done in 0.0004s
2026-01-15 23:44:02 [INFO] [low_rank_V] top-3 eigenvalues: max=20.000000000000007, min=19.734081205463372
2026-01-15 23:44:02 [INFO] [low_rank_V] V shape=(20, 3), dtype=float64
2026-01-15 23:44:02 [INFO] [low_rank_V] done in 0.0001s
2026-01-15 23:44:02 [INFO] [top_r_eigh] using scipy.linalg.eigh subset_by_index=[17, 19]
2026-01-15 23:44:02 [INFO] [top_r_eigh] scipy eigh done in 0.0002s
2026-01-15 23:44:02 [INFO] [low_rank_V] top-3 eigenvalues: max=20.000000000000014, min=20.000000000000007
2026-01-15 23:44:02 [INFO] [low_rank_V] V shape=(20, 3), dtype=float64
2026-01-15 23:44:02 [INFO] [low_rank_V] done in 0.0001s
2026-01-15 23:44:02 [INFO] [top_r_eigh] using scipy.linalg.eigh subset_by_index=[17, 19]
2026-01-15 23:44:02 [INFO] [top_r_eigh] scipy eigh done in 0.0001s
2026-01-15 23:44:02 [INFO] [low_rank_V] top-3 eigenvalues: max=19.999999999999996, min=19.59725931676441
2026-01-15 23:44:02 [INFO] [low_rank_V] V shape=(20, 3), dtype=float64
2026-01-15 23:44:02 [INFO] [low_rank_V] done in 0.0001s
2026-01-15 23:44:02 [INFO] [top_r_eigh] using scipy.linalg.eigh subset_by_index=[17, 19]
2026-01-15 23:44:02 [INFO] [top_r_eigh] scipy eigh done in 0.0001s
2026-01-15 23:44:02 [INFO] [low_rank_V] top-3 eigenvalues: max=20.000000000000014, min=20.000000000000004
2026-01-15 23:44:02 [INFO] [low_rank_V] V shape=(20, 3), dtype=float64
2026-01-15 23:44:02 [INFO] [low_rank_V] done in 0.0001s
2026-01-15 23:44:02 [INFO] [top_r_eigh] using scipy.linalg.eigh subset_by_index=[17, 19]
2026-01-15 23:44:02 [INFO] [top_r_eigh] scipy eigh done in 0.0001s
2026-01-15 23:44:02 [INFO] [low_rank_V] top-3 eigenvalues: max=19.999999999999993, min=19.715068499005984
2026-01-15 23:44:02 [INFO] [low_rank_V] V shape=(20, 3), dtype=float64
2026-01-15 23:44:02 [INFO] [low_rank_V] done in 0.0001s
2026-01-15 23:44:02 [INFO] [top_r_eigh] using scipy.linalg.eigh subset_by_index=[17, 19]
2026-01-15 23:44:02 [INFO] [top_r_eigh] scipy eigh done in 0.0002s
2026-01-15 23:44:02 [INFO] [low_rank_V] top-3 eigenvalues: max=20.0, min=19.50659828897525
2026-01-15 23:44:02 [INFO] [low_rank_V] V shape=(20, 3), dtype=float64
2026-01-15 23:44:02 [INFO] [low_rank_V] done in 0.0001s
2026-01-15 23:44:02 [INFO] [top_r_eigh] using scipy.linalg.eigh subset_by_index=[17, 19]
2026-01-15 23:44:02 [INFO] [top_r_eigh] scipy eigh done in 0.0001s
2026-01-15 23:44:02 [INFO] [low_rank_V] top-3 eigenvalues: max=20.000000000000004, min=19.99999999999999
2026-01-15 23:44:02 [INFO] [low_rank_V] V shape=(20, 3), dtype=float64
2026-01-15 23:44:02 [INFO] [low_rank_V] done in 0.0001s
2026-01-15 23:44:02 [INFO] [top_r_eigh] using scipy.linalg.eigh subset_by_index=[17, 19]
2026-01-15 23:44:02 [INFO] [top_r_eigh] scipy eigh done in 0.0001s
2026-01-15 23:44:02 [INFO] [low_rank_V] top-3 eigenvalues: max=20.000000000000018, min=20.000000000000004
2026-01-15 23:44:02 [INFO] [low_rank_V] V shape=(20, 3), dtype=float64
2026-01-15 23:44:02 [INFO] [low_rank_V] done in 0.0001s
2026-01-15 23:44:02 [INFO] [top_r_eigh] using scipy.linalg.eigh subset_by_index=[17, 19]
2026-01-15 23:44:02 [INFO] [top_r_eigh] scipy eigh done in 0.0001s
2026-01-15 23:44:02 [INFO] [low_rank_V] top-3 eigenvalues: max=19.999999999999993, min=19.458963629878888
2026-01-15 23:44:02 [INFO] [low_rank_V] V shape=(20, 3), dtype=float64
2026-01-15 23:44:02 [INFO] [low_rank_V] done in 0.0001s
2026-01-15 23:44:02 [INFO] [top_r_eigh] using scipy.linalg.eigh subset_by_index=[17, 19]
2026-01-15 23:44:02 [INFO] [top_r_eigh] scipy eigh done in 0.0001s
2026-01-15 23:44:02 [INFO] [low_rank_V] top-3 eigenvalues: max=20.000000000000004, min=19.999999999999996
2026-01-15 23:44:02 [INFO] [low_rank_V] V shape=(20, 3), dtype=float64
2026-01-15 23:44:02 [INFO] [low_rank_V] done in 0.0001s
2026-01-15 23:44:02 [INFO] [top_r_eigh] using scipy.linalg.eigh subset_by_index=[17, 19]
2026-01-15 23:44:02 [INFO] [top_r_eigh] scipy eigh done in 0.0001s
2026-01-15 23:44:02 [INFO] [low_rank_V] top-3 eigenvalues: max=20.00000000000001, min=20.0
2026-01-15 23:44:02 [INFO] [low_rank_V] V shape=(20, 3), dtype=float64
2026-01-15 23:44:02 [INFO] [low_rank_V] done in 0.0001s
2026-01-15 23:44:02 [INFO] [top_r_eigh] using scipy.linalg.eigh subset_by_index=[17, 19]
2026-01-15 23:44:02 [INFO] [top_r_eigh] scipy eigh done in 0.0001s
2026-01-15 23:44:02 [INFO] [low_rank_V] top-3 eigenvalues: max=20.000000000000004, min=19.687921219130015
2026-01-15 23:44:02 [INFO] [low_rank_V] V shape=(20, 3), dtype=float64
2026-01-15 23:44:02 [INFO] [low_rank_V] done in 0.0001s
2026-01-15 23:44:02 [INFO] [top_r_eigh] using scipy.linalg.eigh subset_by_index=[17, 19]
2026-01-15 23:44:02 [INFO] [top_r_eigh] scipy eigh done in 0.0001s
2026-01-15 23:44:02 [INFO] [low_rank_V] top-3 eigenvalues: max=20.0, min=19.73009537118406
2026-01-15 23:44:02 [INFO] [low_rank_V] V shape=(20, 3), dtype=float64
2026-01-15 23:44:02 [INFO] [low_rank_V] done in 0.0001s
2026-01-15 23:44:02 [INFO] [top_r_eigh] using scipy.linalg.eigh subset_by_index=[17, 19]
2026-01-15 23:44:02 [INFO] [top_r_eigh] scipy eigh done in 0.0001s
2026-01-15 23:44:02 [INFO] [low_rank_V] top-3 eigenvalues: max=20.000000000000018, min=20.000000000000004
2026-01-15 23:44:02 [INFO] [low_rank_V] V shape=(20, 3), dtype=float64
2026-01-15 23:44:02 [INFO] [low_rank_V] done in 0.0001s
2026-01-15 23:44:02 [INFO] [top_r_eigh] using scipy.linalg.eigh subset_by_index=[17, 19]
2026-01-15 23:44:02 [INFO] [top_r_eigh] scipy eigh done in 0.0001s
2026-01-15 23:44:02 [INFO] [low_rank_V] top-3 eigenvalues: max=20.00000000000001, min=19.787589612143673
2026-01-15 23:44:02 [INFO] [low_rank_V] V shape=(20, 3), dtype=float64
2026-01-15 23:44:02 [INFO] [low_rank_V] done in 0.0001s
2026-01-15 23:44:02 [INFO] [top_r_eigh] using scipy.linalg.eigh subset_by_index=[17, 19]
2026-01-15 23:44:02 [INFO] [top_r_eigh] scipy eigh done in 0.0001s
2026-01-15 23:44:02 [INFO] [low_rank_V] top-3 eigenvalues: max=20.000000000000004, min=19.86976624918906
2026-01-15 23:44:02 [INFO] [low_rank_V] V shape=(20, 3), dtype=float64
2026-01-15 23:44:02 [INFO] [low_rank_V] done in 0.0001s
2026-01-15 23:44:02 [INFO] [top_r_eigh] using scipy.linalg.eigh subset_by_index=[17, 19]
2026-01-15 23:44:02 [INFO] [top_r_eigh] scipy eigh done in 0.0001s
2026-01-15 23:44:02 [INFO] [low_rank_V] top-3 eigenvalues: max=20.000000000000004, min=19.886830618996708
2026-01-15 23:44:02 [INFO] [low_rank_V] V shape=(20, 3), dtype=float64
2026-01-15 23:44:02 [INFO] [low_rank_V] done in 0.0001s
2026-01-15 23:44:02 [INFO] [top_r_eigh] using scipy.linalg.eigh subset_by_index=[17, 19]
2026-01-15 23:44:02 [INFO] [top_r_eigh] scipy eigh done in 0.0001s
2026-01-15 23:44:02 [INFO] [low_rank_V] top-3 eigenvalues: max=20.000000000000004, min=19.5319609931928
2026-01-15 23:44:02 [INFO] [low_rank_V] V shape=(20, 3), dtype=float64
2026-01-15 23:44:02 [INFO] [low_rank_V] done in 0.0001s
2026-01-15 23:44:02 [INFO] [top_r_eigh] using scipy.linalg.eigh subset_by_index=[17, 19]
2026-01-15 23:44:02 [INFO] [top_r_eigh] scipy eigh done in 0.0001s
2026-01-15 23:44:02 [INFO] [low_rank_V] top-3 eigenvalues: max=20.000000000000014, min=19.99999999999999
2026-01-15 23:44:02 [INFO] [low_rank_V] V shape=(20, 3), dtype=float64
2026-01-15 23:44:02 [INFO] [low_rank_V] done in 0.0001s
2026-01-15 23:44:02 [INFO] [top_r_eigh] using scipy.linalg.eigh subset_by_index=[17, 19]
2026-01-15 23:44:02 [INFO] [top_r_eigh] scipy eigh done in 0.0001s
2026-01-15 23:44:02 [INFO] [low_rank_V] top-3 eigenvalues: max=20.000000000000025, min=20.000000000000007
2026-01-15 23:44:02 [INFO] [low_rank_V] V shape=(20, 3), dtype=float64
2026-01-15 23:44:02 [INFO] [low_rank_V] done in 0.0001s
